2024-12-03 10:00:01 INFO [api] Server starting on port 8080
2024-12-03 10:00:02 INFO [api] Connected to database successfully
2024-12-03 10:00:03 INFO [api] Loading configuration from config.yaml
2024-12-03 10:00:05 INFO [api] API server ready to accept connections
2024-12-03 10:01:15 INFO [api] GET /api/users - 200 OK - 45ms
2024-12-03 10:01:18 INFO [api] GET /api/products - 200 OK - 32ms
2024-12-03 10:02:30 WARN [api] Slow query detected: SELECT * FROM orders - 2340ms
2024-12-03 10:02:45 INFO [api] POST /api/orders - 201 Created - 156ms
2024-12-03 10:03:00 ERROR [api] Database connection timeout after 30000ms
2024-12-03 10:03:01 ERROR [api] Failed to execute query: Connection pool exhausted
2024-12-03 10:03:02 WARN [api] Retrying database connection (attempt 1/3)
2024-12-03 10:03:05 WARN [api] Retrying database connection (attempt 2/3)
2024-12-03 10:03:08 ERROR [api] Database connection failed after 3 retries
2024-12-03 10:03:08 ERROR [api] NullPointerException in UserService.getUserById(UserService.java:142)
    at com.app.service.UserService.getUserById(UserService.java:142)
    at com.app.controller.UserController.getUser(UserController.java:58)
    at sun.reflect.NativeMethodAccessorImpl.invoke(Unknown Source)
    at org.springframework.web.servlet.FrameworkServlet.service(FrameworkServlet.java:897)
2024-12-03 10:03:09 ERROR [api] Request failed: GET /api/users/123 - 500 Internal Server Error
2024-12-03 10:03:10 WARN [api] Circuit breaker opened for database service
2024-12-03 10:03:15 INFO [api] Fallback: Returning cached user data
2024-12-03 10:04:00 INFO [api] Database connection restored
2024-12-03 10:04:01 INFO [api] Circuit breaker closed
